1620039838329 Model path: ../models/vosk-model-en-us-aspire-0.2
1620039838336 Model name: vosk-model-en-us-aspire-0.2
1620039838336 HTTP server port: 3000
1620039838337 internal debug log: false
1620039838337 Vosk engine log level: -1
1620039838337 wait loading Vosk engine model: vosk-model-en-us-aspire-0.2 (be patient)
1620039864737 Vosk engine model loaded in 26399 msecs
1620039865095 Server httpServer.js running at http://localhost:3000
1620039865096 Endpoint http://localhost:3000/transcript
1620039865096 Press Ctrl-C to shutdown
1620039865096 Iready to listen incoming requests
1620039916501 request {"speech":"../audio/2830-3980-0043.wav","model":"vosk-model-en-us-aspire-0.2"}

1620039917311 response 1620039916501 {"request":{"speech":"../audio/2830-3980-0043.wav","model":"vosk-model-en-us-aspire-0.2"},"requestId":1620039916501,"latency":810,"result":[{"conf":0.980969,"end":1.02,"start":0.33,"word":"experience"},{"conf":1,"end":1.349919,"start":1.02,"word":"proves"},{"conf":0.997301,"end":1.71,"start":1.35,"word":"this"}],"text":"experience proves this"}
1620039917418 request {"speech":"../audio/2830-3980-0043.wav","model":"vosk-model-en-us-aspire-0.2"}

1620039917435 request {"speech":"../audio/2830-3980-0043.wav","model":"vosk-model-en-us-aspire-0.2"}

1620039917443 request {"speech":"../audio/2830-3980-0043.wav","model":"vosk-model-en-us-aspire-0.2"}

1620039917450 request {"speech":"../audio/2830-3980-0043.wav","model":"vosk-model-en-us-aspire-0.2"}

1620039917455 request {"speech":"../audio/2830-3980-0043.wav","model":"vosk-model-en-us-aspire-0.2"}

1620039917459 request {"speech":"../audio/2830-3980-0043.wav","model":"vosk-model-en-us-aspire-0.2"}

1620039917463 request {"speech":"../audio/2830-3980-0043.wav","model":"vosk-model-en-us-aspire-0.2"}

1620039917468 request {"speech":"../audio/2830-3980-0043.wav","model":"vosk-model-en-us-aspire-0.2"}

1620039917472 request {"speech":"../audio/2830-3980-0043.wav","model":"vosk-model-en-us-aspire-0.2"}

1620039917477 request {"speech":"../audio/2830-3980-0043.wav","model":"vosk-model-en-us-aspire-0.2"}

1620039919469 response 1620039917418 {"request":{"speech":"../audio/2830-3980-0043.wav","model":"vosk-model-en-us-aspire-0.2"},"requestId":1620039917418,"latency":2050,"result":[{"conf":0.980726,"end":1.02,"start":0.33,"word":"experience"},{"conf":1,"end":1.349883,"start":1.02,"word":"proves"},{"conf":0.996115,"end":1.71,"start":1.35,"word":"this"}],"text":"experience proves this"}
1620039919621 response 1620039917443 {"request":{"speech":"../audio/2830-3980-0043.wav","model":"vosk-model-en-us-aspire-0.2"},"requestId":1620039917443,"latency":2178,"result":[{"conf":0.980519,"end":1.02,"start":0.33,"word":"experience"},{"conf":1,"end":1.349886,"start":1.02,"word":"proves"},{"conf":0.996187,"end":1.71,"start":1.35,"word":"this"}],"text":"experience proves this"}
1620039919770 response 1620039917459 {"request":{"speech":"../audio/2830-3980-0043.wav","model":"vosk-model-en-us-aspire-0.2"},"requestId":1620039917459,"latency":2311,"result":[{"conf":0.981443,"end":1.02,"start":0.33,"word":"experience"},{"conf":1,"end":1.3499,"start":1.02,"word":"proves"},{"conf":0.996655,"end":1.71,"start":1.35,"word":"this"}],"text":"experience proves this"}
1620039919894 response 1620039917463 {"request":{"speech":"../audio/2830-3980-0043.wav","model":"vosk-model-en-us-aspire-0.2"},"requestId":1620039917463,"latency":2430,"result":[{"conf":0.980838,"end":1.02,"start":0.33,"word":"experience"},{"conf":1,"end":1.349921,"start":1.02,"word":"proves"},{"conf":0.997378,"end":1.71,"start":1.35,"word":"this"}],"text":"experience proves this"}
1620039920044 response 1620039917435 {"request":{"speech":"../audio/2830-3980-0043.wav","model":"vosk-model-en-us-aspire-0.2"},"requestId":1620039917435,"latency":2609,"result":[{"conf":0.980563,"end":1.02,"start":0.33,"word":"experience"},{"conf":1,"end":1.349918,"start":1.02,"word":"proves"},{"conf":0.997281,"end":1.71,"start":1.35,"word":"this"}],"text":"experience proves this"}
1620039920161 response 1620039917468 {"request":{"speech":"../audio/2830-3980-0043.wav","model":"vosk-model-en-us-aspire-0.2"},"requestId":1620039917468,"latency":2693,"result":[{"conf":0.980891,"end":1.02,"start":0.33,"word":"experience"},{"conf":1,"end":1.349881,"start":1.02,"word":"proves"},{"conf":0.996024,"end":1.71,"start":1.35,"word":"this"}],"text":"experience proves this"}
1620039920267 response 1620039917450 {"request":{"speech":"../audio/2830-3980-0043.wav","model":"vosk-model-en-us-aspire-0.2"},"requestId":1620039917450,"latency":2817,"result":[{"conf":0.980787,"end":1.02,"start":0.33,"word":"experience"},{"conf":1,"end":1.349919,"start":1.02,"word":"proves"},{"conf":0.997293,"end":1.71,"start":1.35,"word":"this"}],"text":"experience proves this"}
1620039920364 response 1620039917455 {"request":{"speech":"../audio/2830-3980-0043.wav","model":"vosk-model-en-us-aspire-0.2"},"requestId":1620039917455,"latency":2909,"result":[{"conf":0.980628,"end":1.02,"start":0.33,"word":"experience"},{"conf":1,"end":1.349892,"start":1.02,"word":"proves"},{"conf":0.996404,"end":1.71,"start":1.35,"word":"this"}],"text":"experience proves this"}
1620039920466 response 1620039917472 {"request":{"speech":"../audio/2830-3980-0043.wav","model":"vosk-model-en-us-aspire-0.2"},"requestId":1620039917472,"latency":2994,"result":[{"conf":0.980424,"end":1.02,"start":0.33,"word":"experience"},{"conf":1,"end":1.349887,"start":1.02,"word":"proves"},{"conf":0.996243,"end":1.71,"start":1.35,"word":"this"}],"text":"experience proves this"}
1620039920577 response 1620039917477 {"request":{"speech":"../audio/2830-3980-0043.wav","model":"vosk-model-en-us-aspire-0.2"},"requestId":1620039917477,"latency":3100,"result":[{"conf":0.980649,"end":1.02,"start":0.33,"word":"experience"},{"conf":1,"end":1.349889,"start":1.02,"word":"proves"},{"conf":0.996294,"end":1.71,"start":1.35,"word":"this"}],"text":"experience proves this"}
1620039920580 request {"speech":"../audio/2830-3980-0043.wav","model":"vosk-model-en-us-aspire-0.2"}

1620039920587 request {"speech":"../audio/2830-3980-0043.wav","model":"vosk-model-en-us-aspire-0.2"}

1620039920592 request {"speech":"../audio/2830-3980-0043.wav","model":"vosk-model-en-us-aspire-0.2"}

1620039920596 request {"speech":"../audio/2830-3980-0043.wav","model":"vosk-model-en-us-aspire-0.2"}

1620039920600 request {"speech":"../audio/2830-3980-0043.wav","model":"vosk-model-en-us-aspire-0.2"}

1620039920605 request {"speech":"../audio/2830-3980-0043.wav","model":"vosk-model-en-us-aspire-0.2"}

1620039920609 request {"speech":"../audio/2830-3980-0043.wav","model":"vosk-model-en-us-aspire-0.2"}

1620039920616 request {"speech":"../audio/2830-3980-0043.wav","model":"vosk-model-en-us-aspire-0.2"}

1620039920620 request {"speech":"../audio/2830-3980-0043.wav","model":"vosk-model-en-us-aspire-0.2"}

1620039920627 request {"speech":"../audio/2830-3980-0043.wav","model":"vosk-model-en-us-aspire-0.2"}

1620039922135 response 1620039920580 {"request":{"speech":"../audio/2830-3980-0043.wav","model":"vosk-model-en-us-aspire-0.2"},"requestId":1620039920580,"latency":1555,"result":[{"conf":0.980747,"end":1.02,"start":0.33,"word":"experience"},{"conf":1,"end":1.349903,"start":1.02,"word":"proves"},{"conf":0.996761,"end":1.71,"start":1.35,"word":"this"}],"text":"experience proves this"}
1620039922241 response 1620039920592 {"request":{"speech":"../audio/2830-3980-0043.wav","model":"vosk-model-en-us-aspire-0.2"},"requestId":1620039920592,"latency":1649,"result":[{"conf":0.980766,"end":1.02,"start":0.33,"word":"experience"},{"conf":1,"end":1.349877,"start":1.02,"word":"proves"},{"conf":0.995909,"end":1.71,"start":1.35,"word":"this"}],"text":"experience proves this"}
1620039922336 response 1620039920587 {"request":{"speech":"../audio/2830-3980-0043.wav","model":"vosk-model-en-us-aspire-0.2"},"requestId":1620039920587,"latency":1749,"result":[{"conf":0.980982,"end":1.02,"start":0.33,"word":"experience"},{"conf":1,"end":1.349919,"start":1.02,"word":"proves"},{"conf":0.997301,"end":1.71,"start":1.35,"word":"this"}],"text":"experience proves this"}
1620039922429 response 1620039920596 {"request":{"speech":"../audio/2830-3980-0043.wav","model":"vosk-model-en-us-aspire-0.2"},"requestId":1620039920596,"latency":1833,"result":[{"conf":0.980624,"end":1.02,"start":0.33,"word":"experience"},{"conf":1,"end":1.34989,"start":1.02,"word":"proves"},{"conf":0.996317,"end":1.71,"start":1.35,"word":"this"}],"text":"experience proves this"}
1620039922529 response 1620039920600 {"request":{"speech":"../audio/2830-3980-0043.wav","model":"vosk-model-en-us-aspire-0.2"},"requestId":1620039920600,"latency":1928,"result":[{"conf":0.980725,"end":1.02,"start":0.33,"word":"experience"},{"conf":1,"end":1.349922,"start":1.02,"word":"proves"},{"conf":0.997407,"end":1.71,"start":1.35,"word":"this"}],"text":"experience proves this"}
1620039922662 response 1620039920616 {"request":{"speech":"../audio/2830-3980-0043.wav","model":"vosk-model-en-us-aspire-0.2"},"requestId":1620039920616,"latency":2046,"result":[{"conf":0.98069,"end":1.02,"start":0.33,"word":"experience"},{"conf":1,"end":1.349902,"start":1.02,"word":"proves"},{"conf":0.996746,"end":1.71,"start":1.35,"word":"this"}],"text":"experience proves this"}
1620039922760 response 1620039920605 {"request":{"speech":"../audio/2830-3980-0043.wav","model":"vosk-model-en-us-aspire-0.2"},"requestId":1620039920605,"latency":2155,"result":[{"conf":0.980969,"end":1.02,"start":0.33,"word":"experience"},{"conf":1,"end":1.349923,"start":1.02,"word":"proves"},{"conf":0.997435,"end":1.71,"start":1.35,"word":"this"}],"text":"experience proves this"}
1620039922868 response 1620039920609 {"request":{"speech":"../audio/2830-3980-0043.wav","model":"vosk-model-en-us-aspire-0.2"},"requestId":1620039920609,"latency":2259,"result":[{"conf":0.980802,"end":1.02,"start":0.33,"word":"experience"},{"conf":1,"end":1.349896,"start":1.02,"word":"proves"},{"conf":0.996535,"end":1.71,"start":1.35,"word":"this"}],"text":"experience proves this"}
1620039922975 response 1620039920620 {"request":{"speech":"../audio/2830-3980-0043.wav","model":"vosk-model-en-us-aspire-0.2"},"requestId":1620039920620,"latency":2355,"result":[{"conf":0.9808,"end":1.02,"start":0.33,"word":"experience"},{"conf":1,"end":1.349904,"start":1.02,"word":"proves"},{"conf":0.996788,"end":1.71,"start":1.35,"word":"this"}],"text":"experience proves this"}
1620039923084 response 1620039920627 {"request":{"speech":"../audio/2830-3980-0043.wav","model":"vosk-model-en-us-aspire-0.2"},"requestId":1620039920627,"latency":2457,"result":[{"conf":0.980974,"end":1.02,"start":0.33,"word":"experience"},{"conf":1,"end":1.34991,"start":1.02,"word":"proves"},{"conf":0.997009,"end":1.71,"start":1.35,"word":"this"}],"text":"experience proves this"}
1620039923087 request {"speech":"../audio/2830-3980-0043.wav","model":"vosk-model-en-us-aspire-0.2"}

1620039923127 request {"speech":"../audio/2830-3980-0043.wav","model":"vosk-model-en-us-aspire-0.2"}

1620039923132 request {"speech":"../audio/2830-3980-0043.wav","model":"vosk-model-en-us-aspire-0.2"}

1620039923136 request {"speech":"../audio/2830-3980-0043.wav","model":"vosk-model-en-us-aspire-0.2"}

1620039923141 request {"speech":"../audio/2830-3980-0043.wav","model":"vosk-model-en-us-aspire-0.2"}

1620039923150 request {"speech":"../audio/2830-3980-0043.wav","model":"vosk-model-en-us-aspire-0.2"}

1620039923154 request {"speech":"../audio/2830-3980-0043.wav","model":"vosk-model-en-us-aspire-0.2"}

1620039923161 request {"speech":"../audio/2830-3980-0043.wav","model":"vosk-model-en-us-aspire-0.2"}

1620039923165 request {"speech":"../audio/2830-3980-0043.wav","model":"vosk-model-en-us-aspire-0.2"}

1620039923170 request {"speech":"../audio/2830-3980-0043.wav","model":"vosk-model-en-us-aspire-0.2"}

1620039924702 response 1620039923087 {"request":{"speech":"../audio/2830-3980-0043.wav","model":"vosk-model-en-us-aspire-0.2"},"requestId":1620039923087,"latency":1584,"result":[{"conf":0.981342,"end":1.02,"start":0.33,"word":"experience"},{"conf":1,"end":1.349904,"start":1.02,"word":"proves"},{"conf":0.996809,"end":1.71,"start":1.35,"word":"this"}],"text":"experience proves this"}
1620039924808 response 1620039923136 {"request":{"speech":"../audio/2830-3980-0043.wav","model":"vosk-model-en-us-aspire-0.2"},"requestId":1620039923136,"latency":1672,"result":[{"conf":0.98099,"end":1.02,"start":0.33,"word":"experience"},{"conf":1,"end":1.349888,"start":1.02,"word":"proves"},{"conf":0.996281,"end":1.71,"start":1.35,"word":"this"}],"text":"experience proves this"}
1620039924903 response 1620039923127 {"request":{"speech":"../audio/2830-3980-0043.wav","model":"vosk-model-en-us-aspire-0.2"},"requestId":1620039923127,"latency":1776,"result":[{"conf":0.980646,"end":1.02,"start":0.33,"word":"experience"},{"conf":1,"end":1.3499,"start":1.02,"word":"proves"},{"conf":0.996673,"end":1.71,"start":1.35,"word":"this"}],"text":"experience proves this"}
1620039924995 response 1620039923141 {"request":{"speech":"../audio/2830-3980-0043.wav","model":"vosk-model-en-us-aspire-0.2"},"requestId":1620039923141,"latency":1854,"result":[{"conf":0.981266,"end":1.02,"start":0.33,"word":"experience"},{"conf":1,"end":1.349909,"start":1.02,"word":"proves"},{"conf":0.996957,"end":1.71,"start":1.35,"word":"this"}],"text":"experience proves this"}
1620039925095 response 1620039923132 {"request":{"speech":"../audio/2830-3980-0043.wav","model":"vosk-model-en-us-aspire-0.2"},"requestId":1620039923132,"latency":1963,"result":[{"conf":0.980701,"end":1.02,"start":0.33,"word":"experience"},{"conf":1,"end":1.349915,"start":1.02,"word":"proves"},{"conf":0.997166,"end":1.71,"start":1.35,"word":"this"}],"text":"experience proves this"}
1620039925247 response 1620039923154 {"request":{"speech":"../audio/2830-3980-0043.wav","model":"vosk-model-en-us-aspire-0.2"},"requestId":1620039923154,"latency":2093,"result":[{"conf":0.980753,"end":1.02,"start":0.33,"word":"experience"},{"conf":1,"end":1.34989,"start":1.02,"word":"proves"},{"conf":0.996335,"end":1.71,"start":1.35,"word":"this"}],"text":"experience proves this"}
1620039925351 response 1620039923161 {"request":{"speech":"../audio/2830-3980-0043.wav","model":"vosk-model-en-us-aspire-0.2"},"requestId":1620039923161,"latency":2190,"result":[{"conf":0.980785,"end":1.02,"start":0.33,"word":"experience"},{"conf":1,"end":1.349901,"start":1.02,"word":"proves"},{"conf":0.9967,"end":1.71,"start":1.35,"word":"this"}],"text":"experience proves this"}
1620039925354 request {"speech":"../audio/2830-3980-0043.wav","model":"vosk-model-en-us-aspire-0.2"}

1620039925465 response 1620039923150 {"request":{"speech":"../audio/2830-3980-0043.wav","model":"vosk-model-en-us-aspire-0.2"},"requestId":1620039923150,"latency":2315,"result":[{"conf":0.980898,"end":1.02,"start":0.33,"word":"experience"},{"conf":1,"end":1.349904,"start":1.02,"word":"proves"},{"conf":0.99681,"end":1.71,"start":1.35,"word":"this"}],"text":"experience proves this"}
1620039925467 request {"speech":"../audio/2830-3980-0043.wav","model":"vosk-model-en-us-aspire-0.2"}

1620039925473 request {"speech":"../audio/2830-3980-0043.wav","model":"vosk-model-en-us-aspire-0.2"}

1620039925478 request {"speech":"../audio/2830-3980-0043.wav","model":"vosk-model-en-us-aspire-0.2"}

1620039925483 request {"speech":"../audio/2830-3980-0043.wav","model":"vosk-model-en-us-aspire-0.2"}

1620039925591 response 1620039923170 {"request":{"speech":"../audio/2830-3980-0043.wav","model":"vosk-model-en-us-aspire-0.2"},"requestId":1620039923170,"latency":2421,"result":[{"conf":0.980715,"end":1.02,"start":0.33,"word":"experience"},{"conf":1,"end":1.349886,"start":1.02,"word":"proves"},{"conf":0.996207,"end":1.71,"start":1.35,"word":"this"}],"text":"experience proves this"}
1620039925696 response 1620039923165 {"request":{"speech":"../audio/2830-3980-0043.wav","model":"vosk-model-en-us-aspire-0.2"},"requestId":1620039923165,"latency":2531,"result":[{"conf":0.980858,"end":1.02,"start":0.33,"word":"experience"},{"conf":1,"end":1.349918,"start":1.02,"word":"proves"},{"conf":0.99728,"end":1.71,"start":1.35,"word":"this"}],"text":"experience proves this"}
1620039925700 request {"speech":"../audio/2830-3980-0043.wav","model":"vosk-model-en-us-aspire-0.2"}

1620039925705 request {"speech":"../audio/2830-3980-0043.wav","model":"vosk-model-en-us-aspire-0.2"}

1620039925711 request {"speech":"../audio/2830-3980-0043.wav","model":"vosk-model-en-us-aspire-0.2"}

1620039925721 request {"speech":"../audio/2830-3980-0043.wav","model":"vosk-model-en-us-aspire-0.2"}

1620039925733 request {"speech":"../audio/2830-3980-0043.wav","model":"vosk-model-en-us-aspire-0.2"}

1620039927109 response 1620039925354 {"request":{"speech":"../audio/2830-3980-0043.wav","model":"vosk-model-en-us-aspire-0.2"},"requestId":1620039925354,"latency":1755,"result":[{"conf":0.98078,"end":1.02,"start":0.33,"word":"experience"},{"conf":1,"end":1.349886,"start":1.02,"word":"proves"},{"conf":0.996208,"end":1.71,"start":1.35,"word":"this"}],"text":"experience proves this"}
1620039927226 response 1620039925473 {"request":{"speech":"../audio/2830-3980-0043.wav","model":"vosk-model-en-us-aspire-0.2"},"requestId":1620039925473,"latency":1753,"result":[{"conf":0.980799,"end":1.02,"start":0.33,"word":"experience"},{"conf":1,"end":1.349884,"start":1.02,"word":"proves"},{"conf":0.996125,"end":1.71,"start":1.35,"word":"this"}],"text":"experience proves this"}
1620039927340 response 1620039925478 {"request":{"speech":"../audio/2830-3980-0043.wav","model":"vosk-model-en-us-aspire-0.2"},"requestId":1620039925478,"latency":1862,"result":[{"conf":0.980558,"end":1.02,"start":0.33,"word":"experience"},{"conf":1,"end":1.349916,"start":1.02,"word":"proves"},{"conf":0.997188,"end":1.71,"start":1.35,"word":"this"}],"text":"experience proves this"}
1620039927488 response 1620039925483 {"request":{"speech":"../audio/2830-3980-0043.wav","model":"vosk-model-en-us-aspire-0.2"},"requestId":1620039925483,"latency":2005,"result":[{"conf":0.981534,"end":1.02,"start":0.33,"word":"experience"},{"conf":1,"end":1.349909,"start":1.02,"word":"proves"},{"conf":0.996983,"end":1.71,"start":1.35,"word":"this"}],"text":"experience proves this"}
1620039927585 response 1620039925705 {"request":{"speech":"../audio/2830-3980-0043.wav","model":"vosk-model-en-us-aspire-0.2"},"requestId":1620039925705,"latency":1880,"result":[{"conf":0.980665,"end":1.02,"start":0.33,"word":"experience"},{"conf":1,"end":1.349913,"start":1.02,"word":"proves"},{"conf":0.997097,"end":1.71,"start":1.35,"word":"this"}],"text":"experience proves this"}
1620039927674 response 1620039925700 {"request":{"speech":"../audio/2830-3980-0043.wav","model":"vosk-model-en-us-aspire-0.2"},"requestId":1620039925700,"latency":1974,"result":[{"conf":0.981629,"end":1.02,"start":0.33,"word":"experience"},{"conf":1,"end":1.349913,"start":1.02,"word":"proves"},{"conf":0.997116,"end":1.71,"start":1.35,"word":"this"}],"text":"experience proves this"}
1620039927676 request {"speech":"../audio/2830-3980-0043.wav","model":"vosk-model-en-us-aspire-0.2"}

1620039927794 response 1620039925467 {"request":{"speech":"../audio/2830-3980-0043.wav","model":"vosk-model-en-us-aspire-0.2"},"requestId":1620039925467,"latency":2326,"result":[{"conf":0.980689,"end":1.02,"start":0.33,"word":"experience"},{"conf":1,"end":1.349915,"start":1.02,"word":"proves"},{"conf":0.997165,"end":1.71,"start":1.35,"word":"this"}],"text":"experience proves this"}
1620039927796 request {"speech":"../audio/2830-3980-0043.wav","model":"vosk-model-en-us-aspire-0.2"}

1620039927802 request {"speech":"../audio/2830-3980-0043.wav","model":"vosk-model-en-us-aspire-0.2"}

1620039927928 response 1620039925711 {"request":{"speech":"../audio/2830-3980-0043.wav","model":"vosk-model-en-us-aspire-0.2"},"requestId":1620039925711,"latency":2217,"result":[{"conf":0.980435,"end":1.02,"start":0.33,"word":"experience"},{"conf":1,"end":1.349882,"start":1.02,"word":"proves"},{"conf":0.996059,"end":1.71,"start":1.35,"word":"this"}],"text":"experience proves this"}
1620039928035 response 1620039925721 {"request":{"speech":"../audio/2830-3980-0043.wav","model":"vosk-model-en-us-aspire-0.2"},"requestId":1620039925721,"latency":2314,"result":[{"conf":0.980382,"end":1.02,"start":0.33,"word":"experience"},{"conf":1,"end":1.349894,"start":1.02,"word":"proves"},{"conf":0.996476,"end":1.71,"start":1.35,"word":"this"}],"text":"experience proves this"}
1620039928037 request {"speech":"../audio/2830-3980-0043.wav","model":"vosk-model-en-us-aspire-0.2"}

1620039928042 request {"speech":"../audio/2830-3980-0043.wav","model":"vosk-model-en-us-aspire-0.2"}

1620039928047 request {"speech":"../audio/2830-3980-0043.wav","model":"vosk-model-en-us-aspire-0.2"}

1620039928142 response 1620039925733 {"request":{"speech":"../audio/2830-3980-0043.wav","model":"vosk-model-en-us-aspire-0.2"},"requestId":1620039925733,"latency":2409,"result":[{"conf":0.980884,"end":1.02,"start":0.33,"word":"experience"},{"conf":1,"end":1.349887,"start":1.02,"word":"proves"},{"conf":0.99623,"end":1.71,"start":1.35,"word":"this"}],"text":"experience proves this"}
1620039928146 request {"speech":"../audio/2830-3980-0043.wav","model":"vosk-model-en-us-aspire-0.2"}

1620039928155 request {"speech":"../audio/2830-3980-0043.wav","model":"vosk-model-en-us-aspire-0.2"}

1620039928164 request {"speech":"../audio/2830-3980-0043.wav","model":"vosk-model-en-us-aspire-0.2"}

1620039928173 request {"speech":"../audio/2830-3980-0043.wav","model":"vosk-model-en-us-aspire-0.2"}

1620039929482 response 1620039927676 {"request":{"speech":"../audio/2830-3980-0043.wav","model":"vosk-model-en-us-aspire-0.2"},"requestId":1620039927676,"latency":1805,"result":[{"conf":0.980676,"end":1.02,"start":0.33,"word":"experience"},{"conf":1,"end":1.349889,"start":1.02,"word":"proves"},{"conf":0.996317,"end":1.71,"start":1.35,"word":"this"}],"text":"experience proves this"}
1620039929594 response 1620039927796 {"request":{"speech":"../audio/2830-3980-0043.wav","model":"vosk-model-en-us-aspire-0.2"},"requestId":1620039927796,"latency":1798,"result":[{"conf":0.981241,"end":1.02,"start":0.33,"word":"experience"},{"conf":1,"end":1.349899,"start":1.02,"word":"proves"},{"conf":0.996621,"end":1.71,"start":1.35,"word":"this"}],"text":"experience proves this"}
1620039929799 response 1620039927802 {"request":{"speech":"../audio/2830-3980-0043.wav","model":"vosk-model-en-us-aspire-0.2"},"requestId":1620039927802,"latency":1997,"result":[{"conf":0.980602,"end":1.02,"start":0.33,"word":"experience"},{"conf":1,"end":1.349921,"start":1.02,"word":"proves"},{"conf":0.997353,"end":1.71,"start":1.35,"word":"this"}],"text":"experience proves this"}
1620039929895 response 1620039928037 {"request":{"speech":"../audio/2830-3980-0043.wav","model":"vosk-model-en-us-aspire-0.2"},"requestId":1620039928037,"latency":1858,"result":[{"conf":0.980775,"end":1.02,"start":0.33,"word":"experience"},{"conf":1,"end":1.349903,"start":1.02,"word":"proves"},{"conf":0.996774,"end":1.71,"start":1.35,"word":"this"}],"text":"experience proves this"}
1620039929897 request {"speech":"../audio/2830-3980-0043.wav","model":"vosk-model-en-us-aspire-0.2"}

1620039929992 response 1620039928047 {"request":{"speech":"../audio/2830-3980-0043.wav","model":"vosk-model-en-us-aspire-0.2"},"requestId":1620039928047,"latency":1945,"result":[{"conf":0.980843,"end":1.02,"start":0.33,"word":"experience"},{"conf":1,"end":1.349903,"start":1.02,"word":"proves"},{"conf":0.99678,"end":1.71,"start":1.35,"word":"this"}],"text":"experience proves this"}
1620039929996 request {"speech":"../audio/2830-3980-0043.wav","model":"vosk-model-en-us-aspire-0.2"}

1620039930184 response 1620039928146 {"request":{"speech":"../audio/2830-3980-0043.wav","model":"vosk-model-en-us-aspire-0.2"},"requestId":1620039928146,"latency":2038,"result":[{"conf":0.980575,"end":1.02,"start":0.33,"word":"experience"},{"conf":1,"end":1.349902,"start":1.02,"word":"proves"},{"conf":0.99675,"end":1.71,"start":1.35,"word":"this"}],"text":"experience proves this"}
1620039930284 response 1620039928042 {"request":{"speech":"../audio/2830-3980-0043.wav","model":"vosk-model-en-us-aspire-0.2"},"requestId":1620039928042,"latency":2242,"result":[{"conf":0.980634,"end":1.02,"start":0.33,"word":"experience"},{"conf":1,"end":1.349919,"start":1.02,"word":"proves"},{"conf":0.997299,"end":1.71,"start":1.35,"word":"this"}],"text":"experience proves this"}
1620039930286 request {"speech":"../audio/2830-3980-0043.wav","model":"vosk-model-en-us-aspire-0.2"}

1620039930294 request {"speech":"../audio/2830-3980-0043.wav","model":"vosk-model-en-us-aspire-0.2"}

1620039930427 response 1620039928164 {"request":{"speech":"../audio/2830-3980-0043.wav","model":"vosk-model-en-us-aspire-0.2"},"requestId":1620039928164,"latency":2263,"result":[{"conf":0.980724,"end":1.02,"start":0.33,"word":"experience"},{"conf":1,"end":1.349897,"start":1.02,"word":"proves"},{"conf":0.996584,"end":1.71,"start":1.35,"word":"this"}],"text":"experience proves this"}
1620039930546 response 1620039928155 {"request":{"speech":"../audio/2830-3980-0043.wav","model":"vosk-model-en-us-aspire-0.2"},"requestId":1620039928155,"latency":2390,"result":[{"conf":0.980533,"end":1.02,"start":0.33,"word":"experience"},{"conf":1,"end":1.349876,"start":1.02,"word":"proves"},{"conf":0.995855,"end":1.71,"start":1.35,"word":"this"}],"text":"experience proves this"}
1620039930548 request {"speech":"../audio/2830-3980-0043.wav","model":"vosk-model-en-us-aspire-0.2"}

1620039930556 request {"speech":"../audio/2830-3980-0043.wav","model":"vosk-model-en-us-aspire-0.2"}

1620039930665 response 1620039928173 {"request":{"speech":"../audio/2830-3980-0043.wav","model":"vosk-model-en-us-aspire-0.2"},"requestId":1620039928173,"latency":2492,"result":[{"conf":0.980808,"end":1.02,"start":0.33,"word":"experience"},{"conf":1,"end":1.349866,"start":1.02,"word":"proves"},{"conf":0.995523,"end":1.71,"start":1.35,"word":"this"}],"text":"experience proves this"}
1620039930667 request {"speech":"../audio/2830-3980-0043.wav","model":"vosk-model-en-us-aspire-0.2"}

1620039930675 request {"speech":"../audio/2830-3980-0043.wav","model":"vosk-model-en-us-aspire-0.2"}

1620039930683 request {"speech":"../audio/2830-3980-0043.wav","model":"vosk-model-en-us-aspire-0.2"}

1620039930694 request {"speech":"../audio/2830-3980-0043.wav","model":"vosk-model-en-us-aspire-0.2"}

1620039931806 response 1620039929897 {"request":{"speech":"../audio/2830-3980-0043.wav","model":"vosk-model-en-us-aspire-0.2"},"requestId":1620039929897,"latency":1909,"result":[{"conf":0.979771,"end":1.02,"start":0.33,"word":"experience"},{"conf":1,"end":1.349895,"start":1.02,"word":"proves"},{"conf":0.996498,"end":1.71,"start":1.35,"word":"this"}],"text":"experience proves this"}
1620039931810 request {"speech":"../audio/2830-3980-0043.wav","model":"vosk-model-en-us-aspire-0.2"}

1620039932068 response 1620039929996 {"request":{"speech":"../audio/2830-3980-0043.wav","model":"vosk-model-en-us-aspire-0.2"},"requestId":1620039929996,"latency":2072,"result":[{"conf":0.980542,"end":1.02,"start":0.33,"word":"experience"},{"conf":1,"end":1.349914,"start":1.02,"word":"proves"},{"conf":0.997148,"end":1.71,"start":1.35,"word":"this"}],"text":"experience proves this"}
1620039932224 response 1620039930286 {"request":{"speech":"../audio/2830-3980-0043.wav","model":"vosk-model-en-us-aspire-0.2"},"requestId":1620039930286,"latency":1938,"result":[{"conf":0.980697,"end":1.02,"start":0.33,"word":"experience"},{"conf":1,"end":1.3499,"start":1.02,"word":"proves"},{"conf":0.996676,"end":1.71,"start":1.35,"word":"this"}],"text":"experience proves this"}
1620039932225 request {"speech":"../audio/2830-3980-0043.wav","model":"vosk-model-en-us-aspire-0.2"}

1620039932345 response 1620039930294 {"request":{"speech":"../audio/2830-3980-0043.wav","model":"vosk-model-en-us-aspire-0.2"},"requestId":1620039930294,"latency":2051,"result":[{"conf":0.980703,"end":1.02,"start":0.33,"word":"experience"},{"conf":1,"end":1.34989,"start":1.02,"word":"proves"},{"conf":0.996344,"end":1.71,"start":1.35,"word":"this"}],"text":"experience proves this"}
1620039932452 response 1620039930548 {"request":{"speech":"../audio/2830-3980-0043.wav","model":"vosk-model-en-us-aspire-0.2"},"requestId":1620039930548,"latency":1904,"result":[{"conf":0.980801,"end":1.02,"start":0.33,"word":"experience"},{"conf":1,"end":1.349883,"start":1.02,"word":"proves"},{"conf":0.996113,"end":1.71,"start":1.35,"word":"this"}],"text":"experience proves this"}
1620039932589 response 1620039930556 {"request":{"speech":"../audio/2830-3980-0043.wav","model":"vosk-model-en-us-aspire-0.2"},"requestId":1620039930556,"latency":2033,"result":[{"conf":0.980506,"end":1.02,"start":0.33,"word":"experience"},{"conf":1,"end":1.349903,"start":1.02,"word":"proves"},{"conf":0.996763,"end":1.71,"start":1.35,"word":"this"}],"text":"experience proves this"}
1620039932595 request {"speech":"../audio/2830-3980-0043.wav","model":"vosk-model-en-us-aspire-0.2"}

1620039932797 response 1620039930667 {"request":{"speech":"../audio/2830-3980-0043.wav","model":"vosk-model-en-us-aspire-0.2"},"requestId":1620039930667,"latency":2130,"result":[{"conf":0.98044,"end":1.02,"start":0.33,"word":"experience"},{"conf":1,"end":1.349885,"start":1.02,"word":"proves"},{"conf":0.996157,"end":1.71,"start":1.35,"word":"this"}],"text":"experience proves this"}
1620039932799 request {"speech":"../audio/2830-3980-0043.wav","model":"vosk-model-en-us-aspire-0.2"}

1620039932805 request {"speech":"../audio/2830-3980-0043.wav","model":"vosk-model-en-us-aspire-0.2"}

1620039932811 request {"speech":"../audio/2830-3980-0043.wav","model":"vosk-model-en-us-aspire-0.2"}

1620039932937 response 1620039930683 {"request":{"speech":"../audio/2830-3980-0043.wav","model":"vosk-model-en-us-aspire-0.2"},"requestId":1620039930683,"latency":2254,"result":[{"conf":0.980847,"end":1.02,"start":0.33,"word":"experience"},{"conf":1,"end":1.349903,"start":1.02,"word":"proves"},{"conf":0.996777,"end":1.71,"start":1.35,"word":"this"}],"text":"experience proves this"}
1620039933059 response 1620039930694 {"request":{"speech":"../audio/2830-3980-0043.wav","model":"vosk-model-en-us-aspire-0.2"},"requestId":1620039930694,"latency":2365,"result":[{"conf":0.98068,"end":1.02,"start":0.33,"word":"experience"},{"conf":1,"end":1.349906,"start":1.02,"word":"proves"},{"conf":0.996864,"end":1.71,"start":1.35,"word":"this"}],"text":"experience proves this"}
1620039933169 response 1620039930675 {"request":{"speech":"../audio/2830-3980-0043.wav","model":"vosk-model-en-us-aspire-0.2"},"requestId":1620039930675,"latency":2494,"result":[{"conf":0.981051,"end":1.02,"start":0.33,"word":"experience"},{"conf":1,"end":1.349897,"start":1.02,"word":"proves"},{"conf":0.996554,"end":1.71,"start":1.35,"word":"this"}],"text":"experience proves this"}
1620039933172 request {"speech":"../audio/2830-3980-0043.wav","model":"vosk-model-en-us-aspire-0.2"}

1620039933185 request {"speech":"../audio/2830-3980-0043.wav","model":"vosk-model-en-us-aspire-0.2"}

1620039933195 request {"speech":"../audio/2830-3980-0043.wav","model":"vosk-model-en-us-aspire-0.2"}

1620039933204 request {"speech":"../audio/2830-3980-0043.wav","model":"vosk-model-en-us-aspire-0.2"}

1620039934116 response 1620039931810 {"request":{"speech":"../audio/2830-3980-0043.wav","model":"vosk-model-en-us-aspire-0.2"},"requestId":1620039931810,"latency":2306,"result":[{"conf":0.980513,"end":1.02,"start":0.33,"word":"experience"},{"conf":1,"end":1.34992,"start":1.02,"word":"proves"},{"conf":0.997335,"end":1.71,"start":1.35,"word":"this"}],"text":"experience proves this"}
1620039934124 request {"speech":"../audio/2830-3980-0043.wav","model":"vosk-model-en-us-aspire-0.2"}

1620039934386 response 1620039932225 {"request":{"speech":"../audio/2830-3980-0043.wav","model":"vosk-model-en-us-aspire-0.2"},"requestId":1620039932225,"latency":2161,"result":[{"conf":0.980532,"end":1.02,"start":0.33,"word":"experience"},{"conf":1,"end":1.349919,"start":1.02,"word":"proves"},{"conf":0.997302,"end":1.71,"start":1.35,"word":"this"}],"text":"experience proves this"}
1620039934415 request {"speech":"../audio/2830-3980-0043.wav","model":"vosk-model-en-us-aspire-0.2"}

1620039934863 response 1620039932811 {"request":{"speech":"../audio/2830-3980-0043.wav","model":"vosk-model-en-us-aspire-0.2"},"requestId":1620039932811,"latency":2051,"result":[{"conf":0.981657,"end":1.02,"start":0.33,"word":"experience"},{"conf":1,"end":1.34992,"start":1.02,"word":"proves"},{"conf":0.997342,"end":1.71,"start":1.35,"word":"this"}],"text":"experience proves this"}
1620039935024 response 1620039932799 {"request":{"speech":"../audio/2830-3980-0043.wav","model":"vosk-model-en-us-aspire-0.2"},"requestId":1620039932799,"latency":2225,"result":[{"conf":0.980942,"end":1.02,"start":0.33,"word":"experience"},{"conf":1,"end":1.349898,"start":1.02,"word":"proves"},{"conf":0.996616,"end":1.71,"start":1.35,"word":"this"}],"text":"experience proves this"}
1620039935201 response 1620039932595 {"request":{"speech":"../audio/2830-3980-0043.wav","model":"vosk-model-en-us-aspire-0.2"},"requestId":1620039932595,"latency":2605,"result":[{"conf":0.981836,"end":1.02,"start":0.33,"word":"experience"},{"conf":1,"end":1.349898,"start":1.02,"word":"proves"},{"conf":0.996595,"end":1.71,"start":1.35,"word":"this"}],"text":"experience proves this"}
1620039935385 response 1620039932805 {"request":{"speech":"../audio/2830-3980-0043.wav","model":"vosk-model-en-us-aspire-0.2"},"requestId":1620039932805,"latency":2579,"result":[{"conf":0.980609,"end":1.02,"start":0.33,"word":"experience"},{"conf":1,"end":1.349905,"start":1.02,"word":"proves"},{"conf":0.996844,"end":1.71,"start":1.35,"word":"this"}],"text":"experience proves this"}
1620039935396 request {"speech":"../audio/2830-3980-0043.wav","model":"vosk-model-en-us-aspire-0.2"}

1620039935661 response 1620039933172 {"request":{"speech":"../audio/2830-3980-0043.wav","model":"vosk-model-en-us-aspire-0.2"},"requestId":1620039933172,"latency":2489,"result":[{"conf":0.980571,"end":1.02,"start":0.33,"word":"experience"},{"conf":1,"end":1.349909,"start":1.02,"word":"proves"},{"conf":0.996971,"end":1.71,"start":1.35,"word":"this"}],"text":"experience proves this"}
1620039935662 request {"speech":"../audio/2830-3980-0043.wav","model":"vosk-model-en-us-aspire-0.2"}

1620039935671 request {"speech":"../audio/2830-3980-0043.wav","model":"vosk-model-en-us-aspire-0.2"}

1620039935683 request {"speech":"../audio/2830-3980-0043.wav","model":"vosk-model-en-us-aspire-0.2"}

1620039935900 response 1620039933195 {"request":{"speech":"../audio/2830-3980-0043.wav","model":"vosk-model-en-us-aspire-0.2"},"requestId":1620039933195,"latency":2704,"result":[{"conf":0.980772,"end":1.02,"start":0.33,"word":"experience"},{"conf":1,"end":1.349913,"start":1.02,"word":"proves"},{"conf":0.997099,"end":1.71,"start":1.35,"word":"this"}],"text":"experience proves this"}
1620039936073 response 1620039933204 {"request":{"speech":"../audio/2830-3980-0043.wav","model":"vosk-model-en-us-aspire-0.2"},"requestId":1620039933204,"latency":2869,"result":[{"conf":0.980767,"end":1.02,"start":0.33,"word":"experience"},{"conf":1,"end":1.349898,"start":1.02,"word":"proves"},{"conf":0.996608,"end":1.71,"start":1.35,"word":"this"}],"text":"experience proves this"}
1620039936229 response 1620039933185 {"request":{"speech":"../audio/2830-3980-0043.wav","model":"vosk-model-en-us-aspire-0.2"},"requestId":1620039933185,"latency":3044,"result":[{"conf":0.980579,"end":1.02,"start":0.33,"word":"experience"},{"conf":1,"end":1.349865,"start":1.02,"word":"proves"},{"conf":0.995488,"end":1.71,"start":1.35,"word":"this"}],"text":"experience proves this"}
1620039936236 request {"speech":"../audio/2830-3980-0043.wav","model":"vosk-model-en-us-aspire-0.2"}

1620039936249 request {"speech":"../audio/2830-3980-0043.wav","model":"vosk-model-en-us-aspire-0.2"}

1620039936259 request {"speech":"../audio/2830-3980-0043.wav","model":"vosk-model-en-us-aspire-0.2"}

1620039936268 request {"speech":"../audio/2830-3980-0043.wav","model":"vosk-model-en-us-aspire-0.2"}

1620039937384 response 1620039934124 {"request":{"speech":"../audio/2830-3980-0043.wav","model":"vosk-model-en-us-aspire-0.2"},"requestId":1620039934124,"latency":3260,"result":[{"conf":0.981269,"end":1.02,"start":0.33,"word":"experience"},{"conf":1,"end":1.349884,"start":1.02,"word":"proves"},{"conf":0.996138,"end":1.71,"start":1.35,"word":"this"}],"text":"experience proves this"}
1620039937637 response 1620039934415 {"request":{"speech":"../audio/2830-3980-0043.wav","model":"vosk-model-en-us-aspire-0.2"},"requestId":1620039934415,"latency":3222,"result":[{"conf":0.981763,"end":1.02,"start":0.33,"word":"experience"},{"conf":1,"end":1.349916,"start":1.02,"word":"proves"},{"conf":0.997205,"end":1.71,"start":1.35,"word":"this"}],"text":"experience proves this"}
1620039937643 request {"speech":"../audio/2830-3980-0043.wav","model":"vosk-model-en-us-aspire-0.2"}

1620039937656 request {"speech":"../audio/2830-3980-0043.wav","model":"vosk-model-en-us-aspire-0.2"}

1620039938609 response 1620039935671 {"request":{"speech":"../audio/2830-3980-0043.wav","model":"vosk-model-en-us-aspire-0.2"},"requestId":1620039935671,"latency":2938,"result":[{"conf":0.980889,"end":1.02,"start":0.33,"word":"experience"},{"conf":1,"end":1.349877,"start":1.02,"word":"proves"},{"conf":0.995898,"end":1.71,"start":1.35,"word":"this"}],"text":"experience proves this"}
1620039938866 response 1620039935662 {"request":{"speech":"../audio/2830-3980-0043.wav","model":"vosk-model-en-us-aspire-0.2"},"requestId":1620039935662,"latency":3204,"result":[{"conf":0.980839,"end":1.02,"start":0.33,"word":"experience"},{"conf":1,"end":1.349912,"start":1.02,"word":"proves"},{"conf":0.997078,"end":1.71,"start":1.35,"word":"this"}],"text":"experience proves this"}
1620039939206 response 1620039935396 {"request":{"speech":"../audio/2830-3980-0043.wav","model":"vosk-model-en-us-aspire-0.2"},"requestId":1620039935396,"latency":3809,"result":[{"conf":0.980544,"end":1.02,"start":0.33,"word":"experience"},{"conf":1,"end":1.349916,"start":1.02,"word":"proves"},{"conf":0.997206,"end":1.71,"start":1.35,"word":"this"}],"text":"experience proves this"}
1620039939437 response 1620039935683 {"request":{"speech":"../audio/2830-3980-0043.wav","model":"vosk-model-en-us-aspire-0.2"},"requestId":1620039935683,"latency":3754,"result":[{"conf":0.981258,"end":1.02,"start":0.33,"word":"experience"},{"conf":1,"end":1.349887,"start":1.02,"word":"proves"},{"conf":0.996248,"end":1.71,"start":1.35,"word":"this"}],"text":"experience proves this"}
1620039939449 request {"speech":"../audio/2830-3980-0043.wav","model":"vosk-model-en-us-aspire-0.2"}

1620039939794 response 1620039936236 {"request":{"speech":"../audio/2830-3980-0043.wav","model":"vosk-model-en-us-aspire-0.2"},"requestId":1620039936236,"latency":3558,"result":[{"conf":0.980715,"end":1.02,"start":0.33,"word":"experience"},{"conf":1,"end":1.349894,"start":1.02,"word":"proves"},{"conf":0.996452,"end":1.71,"start":1.35,"word":"this"}],"text":"experience proves this"}
1620039939796 request {"speech":"../audio/2830-3980-0043.wav","model":"vosk-model-en-us-aspire-0.2"}

1620039939809 request {"speech":"../audio/2830-3980-0043.wav","model":"vosk-model-en-us-aspire-0.2"}

1620039940057 response 1620039936259 {"request":{"speech":"../audio/2830-3980-0043.wav","model":"vosk-model-en-us-aspire-0.2"},"requestId":1620039936259,"latency":3798,"result":[{"conf":0.981633,"end":1.02,"start":0.33,"word":"experience"},{"conf":1,"end":1.349927,"start":1.02,"word":"proves"},{"conf":0.997555,"end":1.71,"start":1.35,"word":"this"}],"text":"experience proves this"}
1620039940065 request {"speech":"../audio/2830-3980-0043.wav","model":"vosk-model-en-us-aspire-0.2"}

1620039940302 response 1620039936249 {"request":{"speech":"../audio/2830-3980-0043.wav","model":"vosk-model-en-us-aspire-0.2"},"requestId":1620039936249,"latency":4053,"result":[{"conf":0.980569,"end":1.02,"start":0.33,"word":"experience"},{"conf":1,"end":1.349878,"start":1.02,"word":"proves"},{"conf":0.995937,"end":1.71,"start":1.35,"word":"this"}],"text":"experience proves this"}
1620039940503 response 1620039936268 {"request":{"speech":"../audio/2830-3980-0043.wav","model":"vosk-model-en-us-aspire-0.2"},"requestId":1620039936268,"latency":4235,"result":[{"conf":0.980656,"end":1.02,"start":0.33,"word":"experience"},{"conf":1,"end":1.349879,"start":1.02,"word":"proves"},{"conf":0.995965,"end":1.71,"start":1.35,"word":"this"}],"text":"experience proves this"}
